19:33:19 **** Incremental Build of configuration Debug for project Dashboard ****
make -j22 all 
arm-none-eabi-gcc -o "Dashboard.elf" @"objects.list"   -mcpu=cortex-m7 -T"C:\Users\corre\coding\November-Car-2\Dashboard\STM32F767ZITX_FLASH.ld" --specs=nosys.specs -Wl,-Map="Dashboard.map" -Wl,--gc-sections -static --specs=nano.specs -mfpu=fpv5-d16 -mfloat-abi=hard -mthumb -Wl,--start-group -lc -lm -Wl,--end-group
C:/ST/STM32CubeIDE_1.16.1/STM32CubeIDE/plugins/com.st.stm32cube.ide.mcu.externaltools.gnu-tools-for-stm32.12.3.rel1.win32_1.0.200.202406191623/tools/bin/../lib/gcc/arm-none-eabi/12.3.1/../../../../arm-none-eabi/bin/ld.exe: ./Core/Src/main.o: in function `HAL_CAN_RxFifo0MsgPendingCallback':
C:/Users/corre/coding/November-Car-2/Dashboard/Debug/../Core/Src/main.c:73: undefined reference to `can_handler'
C:/ST/STM32CubeIDE_1.16.1/STM32CubeIDE/plugins/com.st.stm32cube.ide.mcu.externaltools.gnu-tools-for-stm32.12.3.rel1.win32_1.0.200.202406191623/tools/bin/../lib/gcc/arm-none-eabi/12.3.1/../../../../arm-none-eabi/bin/ld.exe: ./Core/Src/main.o: in function `main':
C:/Users/corre/coding/November-Car-2/Dashboard/Debug/../Core/Src/main.c:86: undefined reference to `get_params'
collect2.exe: error: ld returned 1 exit status
make: *** [makefile:178: Dashboard.elf] Error 1
"make -j22 all" terminated with exit code 2. Build might be incomplete.

19:33:27 Build Failed. 3 errors, 0 warnings. (took 8s.567ms)

